#
# There is insufficient memory for the Java Runtime Environment to continue.
# Native memory allocation (malloc) failed to allocate 339872 bytes for Chunk::new
# Possible reasons:
#   The system is out of physical RAM or swap space
#   The process is running with CompressedOops enabled, and the Java Heap may be blocking the growth of the native heap
# Possible solutions:
#   Reduce memory load on the system
#   Increase physical memory or swap space
#   Check if swap backing store is full
#   Decrease Java heap size (-Xmx/-Xms)
#   Decrease number of Java threads
#   Decrease Java thread stack sizes (-Xss)
#   Set larger code cache with -XX:ReservedCodeCacheSize=
#   JVM is running with Unscaled Compressed Oops mode in which the Java heap is
#     placed in the first 4GB address space. The Java Heap base address is the
#     maximum limit for the native heap growth. Please use -XX:HeapBaseMinAddress
#     to set the Java Heap base and to place the Java Heap above 4GB virtual address.
# This output file may be truncated or incomplete.
#
#  Out of Memory Error (arena.cpp:184), pid=15576, tid=16264
#
# JRE version: Java(TM) SE Runtime Environment (19.0.1+10) (build 19.0.1+10-21)
# Java VM: Java HotSpot(TM) 64-Bit Server VM (19.0.1+10-21, mixed mode, sharing, tiered, compressed oops, compressed class ptrs, g1 gc, windows-amd64)
# No core dump will be written. Minidumps are not enabled by default on client versions of Windows
#

---------------  S U M M A R Y ------------

Command Line: -Dfile.encoding=UTF-8 -Djava.security.policy=applet.policy --module-path=C:\Users\Adhwa\OneDrive\Documents\NetBeansProjects\tugas_ukom\build\classes tampilan

Host: Intel(R) Core(TM) i5-3320M CPU @ 2.60GHz, 4 cores, 7G,  Windows 10 , 64 bit Build 19041 (10.0.19041.2546)
Time: Mon Mar 13 01:13:41 2023 SE Asia Standard Time elapsed time: 57397.944340 seconds (0d 15h 56m 37s)

---------------  T H R E A D  ---------------

Current thread (0x000001fb5fa6bc00):  JavaThread "C2 CompilerThread0" daemon [_thread_in_native, id=16264, stack(0x000000a546c00000,0x000000a546d00000)]


Current CompileTask:
C2:57397944 3029       4       java.util.GregorianCalendar::computeFields (1581 bytes)

Stack: [0x000000a546c00000,0x000000a546d00000]
Native frames: (J=compiled Java code, j=interpreted, Vv=VM code, C=native code)
V  [jvm.dll+0x6ee8fa]
V  [jvm.dll+0x857a1e]
V  [jvm.dll+0x85940e]
V  [jvm.dll+0x859ac3]
V  [jvm.dll+0x28291f]
V  [jvm.dll+0xc9b5f]
V  [jvm.dll+0xc9ee5]
V  [jvm.dll+0x3bcbac]
V  [jvm.dll+0x386201]
V  [jvm.dll+0x38567a]
V  [jvm.dll+0x24c2c9]
V  [jvm.dll+0x24b671]
V  [jvm.dll+0x1d6d61]
V  [jvm.dll+0x25b0fa]
V  [jvm.dll+0x259588]
V  [jvm.dll+0x807928]
V  [jvm.dll+0x8015fa]
V  [jvm.dll+0x6ed5eb]
C  [ucrtbase.dll+0x21bb2]
C  [KERNEL32.DLL+0x17614]
C  [ntdll.dll+0x526a1]


---------------  P R O C E S S  ---------------

Threads class SMR info:
_java_thread_list=0x000001fb660108c0, length=18, elements={
0x000001fb5fa64550, 0x000001fb5fa64e80, 0x000001fb5fa66a40, 0x000001fb5fa67370,
0x000001fb5fa67ca0, 0x000001fb5fa6afa0, 0x000001fb5fa6bc00, 0x000001fb5fa7ed40,
0x000001fb5faae7c0, 0x000001fb63c96cb0, 0x000001fb63c97200, 0x000001fb63c97750,
0x000001fb63c98c90, 0x000001fb63c991e0, 0x000001fb63c97ca0, 0x000001fb63c981f0,
0x000001fb63c98740, 0x000001fb65424f50
}

Java Threads: ( => current thread )
  0x000001fb5fa64550 JavaThread "Reference Handler" daemon [_thread_blocked, id=9336, stack(0x000000a546600000,0x000000a546700000)]
  0x000001fb5fa64e80 JavaThread "Finalizer" daemon [_thread_blocked, id=3080, stack(0x000000a546700000,0x000000a546800000)]
  0x000001fb5fa66a40 JavaThread "Signal Dispatcher" daemon [_thread_blocked, id=4980, stack(0x000000a546800000,0x000000a546900000)]
  0x000001fb5fa67370 JavaThread "Attach Listener" daemon [_thread_blocked, id=1928, stack(0x000000a546900000,0x000000a546a00000)]
  0x000001fb5fa67ca0 JavaThread "Service Thread" daemon [_thread_blocked, id=10748, stack(0x000000a546a00000,0x000000a546b00000)]
  0x000001fb5fa6afa0 JavaThread "Monitor Deflation Thread" daemon [_thread_blocked, id=16636, stack(0x000000a546b00000,0x000000a546c00000)]
=>0x000001fb5fa6bc00 JavaThread "C2 CompilerThread0" daemon [_thread_in_native, id=16264, stack(0x000000a546c00000,0x000000a546d00000)]
  0x000001fb5fa7ed40 JavaThread "C1 CompilerThread0" daemon [_thread_blocked, id=10220, stack(0x000000a546d00000,0x000000a546e00000)]
  0x000001fb5faae7c0 JavaThread "Sweeper thread" daemon [_thread_blocked, id=17008, stack(0x000000a546e00000,0x000000a546f00000)]
  0x000001fb63c96cb0 JavaThread "Common-Cleaner" daemon [_thread_blocked, id=16584, stack(0x000000a546f00000,0x000000a547000000)]
  0x000001fb63c97200 JavaThread "Notification Thread" daemon [_thread_blocked, id=5856, stack(0x000000a547000000,0x000000a547100000)]
  0x000001fb63c97750 JavaThread "Java2D Disposer" daemon [_thread_blocked, id=13372, stack(0x000000a547300000,0x000000a547400000)]
  0x000001fb63c98c90 JavaThread "AWT-Shutdown" [_thread_blocked, id=6332, stack(0x000000a547400000,0x000000a547500000)]
  0x000001fb63c991e0 JavaThread "AWT-Windows" daemon [_thread_in_native, id=7400, stack(0x000000a547500000,0x000000a547600000)]
  0x000001fb63c97ca0 JavaThread "AWT-EventQueue-0" [_thread_blocked, id=7500, stack(0x000000a547200000,0x000000a547300000)]
  0x000001fb63c981f0 JavaThread "DestroyJavaVM" [_thread_blocked, id=14692, stack(0x000000a545f00000,0x000000a546000000)]
  0x000001fb63c98740 JavaThread "mysql-cj-abandoned-connection-cleanup" daemon [_thread_blocked, id=4484, stack(0x000000a547600000,0x000000a547700000)]
  0x000001fb65424f50 JavaThread "TimerQueue" daemon [_thread_blocked, id=11448, stack(0x000000a547e00000,0x000000a547f00000)]

Other Threads:
  0x000001fb5fa47b50 VMThread "VM Thread" [stack: 0x000000a546500000,0x000000a546600000] [id=15580]
  0x000001fb63db4a10 WatcherThread "VM Periodic Task Thread" [stack: 0x000000a547100000,0x000000a547200000] [id=12364]
  0x000001fb41c28920 WorkerThread "GC Thread#0" [stack: 0x000000a546000000,0x000000a546100000] [id=1828]
  0x000001fb64981e30 WorkerThread "GC Thread#1" [stack: 0x000000a547800000,0x000000a547900000] [id=6888]
  0x000001fb64744c00 WorkerThread "GC Thread#2" [stack: 0x000000a547900000,0x000000a547a00000] [id=5652]
  0x000001fb64744ed0 WorkerThread "GC Thread#3" [stack: 0x000000a547a00000,0x000000a547b00000] [id=12056]
  0x000001fb41c394a0 ConcurrentGCThread "G1 Main Marker" [stack: 0x000000a546100000,0x000000a546200000] [id=12988]
  0x000001fb41c3a670 WorkerThread "G1 Conc#0" [stack: 0x000000a546200000,0x000000a546300000] [id=1412]
  0x000001fb5f9010b0 ConcurrentGCThread "G1 Refine#0" [stack: 0x000000a546300000,0x000000a546400000] [id=13156]
  0x000001fb5f902aa0 ConcurrentGCThread "G1 Service" [stack: 0x000000a546400000,0x000000a546500000] [id=13408]

Threads with active compile tasks:
C2 CompilerThread0  57398069 3029       4       java.util.GregorianCalendar::computeFields (1581 bytes)

VM state: not at safepoint (normal execution)

VM Mutex/Monitor currently owned by a thread: None

Heap address: 0x0000000082c00000, size: 2004 MB, Compressed Oops mode: 32-bit

CDS archive(s) mapped at: [0x0000000800000000-0x0000000800c40000-0x0000000800c40000), size 12845056, SharedBaseAddress: 0x0000000800000000, ArchiveRelocationMode: 0.
Compressed class space mapped at: 0x0000000801000000-0x0000000841000000, reserved size: 1073741824
Narrow klass base: 0x0000000800000000, Narrow klass shift: 0, Narrow klass range: 0x100000000

GC Precious Log:
 CardTable entry size: 512
 Card Set container configuration: InlinePtr #cards 5 size 8 Array Of Cards #cards 12 size 40 Howl #buckets 4 coarsen threshold 1843 Howl Bitmap #cards 512 size 80 coarsen threshold 460 Card regions per heap region 1 cards per card region 2048
 CPUs: 4 total, 4 available
 Memory: 8009M
 Large Page Support: Disabled
 NUMA Support: Disabled
 Compressed Oops: Enabled (32-bit)
 Heap Region Size: 1M
 Heap Min Capacity: 8M
 Heap Initial Capacity: 126M
 Heap Max Capacity: 2004M
 Pre-touch: Disabled
 Parallel Workers: 4
 Concurrent Workers: 1
 Concurrent Refinement Workers: 4
 Periodic GC: Disabled

Heap:
 garbage-first heap   total 129024K, used 57217K [0x0000000082c00000, 0x0000000100000000)
  region size 1024K, 18 young (18432K), 1 survivors (1024K)
 Metaspace       used 16341K, committed 16640K, reserved 1114112K
  class space    used 1797K, committed 1920K, reserved 1048576K

Heap Regions: E=young(eden), S=young(survivor), O=old, HS=humongous(starts), HC=humongous(continues), CS=collection set, F=free, OA=open archive, CA=closed archive, TAMS=top-at-mark-start (previous, next)
|   0|0x0000000082c00000, 0x0000000082d00000, 0x0000000082d00000|100%| O|  |TAMS 0x0000000082c00000, 0x0000000082c00000| Untracked 
|   1|0x0000000082d00000, 0x0000000082e00000, 0x0000000082e00000|100%| O|  |TAMS 0x0000000082d00000, 0x0000000082d00000| Untracked 
|   2|0x0000000082e00000, 0x0000000082f00000, 0x0000000082f00000|100%|HS|  |TAMS 0x0000000082e00000, 0x0000000082e00000| Complete 
|   3|0x0000000082f00000, 0x0000000083000000, 0x0000000083000000|100%|HC|  |TAMS 0x0000000082f00000, 0x0000000082f00000| Complete 
|   4|0x0000000083000000, 0x0000000083100000, 0x0000000083100000|100%|HC|  |TAMS 0x0000000083000000, 0x0000000083000000| Complete 
|   5|0x0000000083100000, 0x0000000083200000, 0x0000000083200000|100%|HS|  |TAMS 0x0000000083100000, 0x0000000083100000| Complete 
|   6|0x0000000083200000, 0x0000000083300000, 0x0000000083300000|100%|HC|  |TAMS 0x0000000083200000, 0x0000000083200000| Complete 
|   7|0x0000000083300000, 0x0000000083400000, 0x0000000083400000|100%|HC|  |TAMS 0x0000000083300000, 0x0000000083300000| Complete 
|   8|0x0000000083400000, 0x0000000083500000, 0x0000000083500000|100%|HC|  |TAMS 0x0000000083400000, 0x0000000083400000| Complete 
|   9|0x0000000083500000, 0x0000000083600000, 0x0000000083600000|100%| O|  |TAMS 0x0000000083500000, 0x0000000083500000| Untracked 
|  10|0x0000000083600000, 0x0000000083700000, 0x0000000083700000|100%| O|  |TAMS 0x0000000083600000, 0x0000000083600000| Untracked 
|  11|0x0000000083700000, 0x0000000083800000, 0x0000000083800000|100%|HS|  |TAMS 0x0000000083700000, 0x0000000083700000| Complete 
|  12|0x0000000083800000, 0x0000000083900000, 0x0000000083900000|100%|HC|  |TAMS 0x0000000083800000, 0x0000000083800000| Complete 
|  13|0x0000000083900000, 0x0000000083a00000, 0x0000000083a00000|100%|HC|  |TAMS 0x0000000083900000, 0x0000000083900000| Complete 
|  14|0x0000000083a00000, 0x0000000083b00000, 0x0000000083b00000|100%|HC|  |TAMS 0x0000000083a00000, 0x0000000083a00000| Complete 
|  15|0x0000000083b00000, 0x0000000083c00000, 0x0000000083c00000|100%|HS|  |TAMS 0x0000000083b00000, 0x0000000083b00000| Complete 
|  16|0x0000000083c00000, 0x0000000083d00000, 0x0000000083d00000|100%|HC|  |TAMS 0x0000000083c00000, 0x0000000083c00000| Complete 
|  17|0x0000000083d00000, 0x0000000083e00000, 0x0000000083e00000|100%|HC|  |TAMS 0x0000000083d00000, 0x0000000083d00000| Complete 
|  18|0x0000000083e00000, 0x0000000083f00000, 0x0000000083f00000|100%|HC|  |TAMS 0x0000000083e00000, 0x0000000083e00000| Complete 
|  19|0x0000000083f00000, 0x0000000084000000, 0x0000000084000000|100%|HS|  |TAMS 0x0000000083f00000, 0x0000000083f00000| Complete 
|  20|0x0000000084000000, 0x0000000084100000, 0x0000000084100000|100%|HC|  |TAMS 0x0000000084000000, 0x0000000084000000| Complete 
|  21|0x0000000084100000, 0x0000000084200000, 0x0000000084200000|100%|HC|  |TAMS 0x0000000084100000, 0x0000000084100000| Complete 
|  22|0x0000000084200000, 0x0000000084300000, 0x0000000084300000|100%|HC|  |TAMS 0x0000000084200000, 0x0000000084200000| Complete 
|  23|0x0000000084300000, 0x0000000084400000, 0x0000000084400000|100%|HS|  |TAMS 0x0000000084300000, 0x0000000084300000| Complete 
|  24|0x0000000084400000, 0x0000000084500000, 0x0000000084500000|100%|HC|  |TAMS 0x0000000084400000, 0x0000000084400000| Complete 
|  25|0x0000000084500000, 0x0000000084600000, 0x0000000084600000|100%|HC|  |TAMS 0x0000000084500000, 0x0000000084500000| Complete 
|  26|0x0000000084600000, 0x0000000084700000, 0x0000000084700000|100%|HC|  |TAMS 0x0000000084600000, 0x0000000084600000| Complete 
|  27|0x0000000084700000, 0x0000000084800000, 0x0000000084800000|100%|HS|  |TAMS 0x0000000084700000, 0x0000000084700000| Complete 
|  28|0x0000000084800000, 0x0000000084900000, 0x0000000084900000|100%|HC|  |TAMS 0x0000000084800000, 0x0000000084800000| Complete 
|  29|0x0000000084900000, 0x0000000084a00000, 0x0000000084a00000|100%|HC|  |TAMS 0x0000000084900000, 0x0000000084900000| Complete 
|  30|0x0000000084a00000, 0x0000000084b00000, 0x0000000084b00000|100%|HC|  |TAMS 0x0000000084a00000, 0x0000000084a00000| Complete 
|  31|0x0000000084b00000, 0x0000000084c00000, 0x0000000084c00000|100%|HS|  |TAMS 0x0000000084b00000, 0x0000000084b00000| Complete 
|  32|0x0000000084c00000, 0x0000000084d00000, 0x0000000084d00000|100%|HC|  |TAMS 0x0000000084c00000, 0x0000000084c00000| Complete 
|  33|0x0000000084d00000, 0x0000000084e00000, 0x0000000084e00000|100%|HC|  |TAMS 0x0000000084d00000, 0x0000000084d00000| Complete 
|  34|0x0000000084e00000, 0x0000000084f00000, 0x0000000084f00000|100%|HC|  |TAMS 0x0000000084e00000, 0x0000000084e00000| Complete 
|  35|0x0000000084f00000, 0x0000000085000000, 0x0000000085000000|100%|HC|  |TAMS 0x0000000084f00000, 0x0000000084f00000| Complete 
|  36|0x0000000085000000, 0x00000000850de400, 0x0000000085100000| 86%| O|  |TAMS 0x0000000085000000, 0x0000000085000000| Untracked 
|  37|0x0000000085100000, 0x0000000085100000, 0x0000000085200000|  0%| F|  |TAMS 0x0000000085100000, 0x0000000085100000| Untracked 
|  38|0x0000000085200000, 0x0000000085200000, 0x0000000085300000|  0%| F|  |TAMS 0x0000000085200000, 0x0000000085200000| Untracked 
|  39|0x0000000085300000, 0x0000000085400000, 0x0000000085400000|100%| O|  |TAMS 0x0000000085300000, 0x0000000085300000| Untracked 
|  40|0x0000000085400000, 0x0000000085500000, 0x0000000085500000|100%| O|  |TAMS 0x0000000085400000, 0x0000000085400000| Untracked 
|  41|0x0000000085500000, 0x0000000085600000, 0x0000000085600000|100%| O|  |TAMS 0x0000000085500000, 0x0000000085500000| Untracked 
|  42|0x0000000085600000, 0x0000000085600000, 0x0000000085700000|  0%| F|  |TAMS 0x0000000085600000, 0x0000000085600000| Untracked 
|  43|0x0000000085700000, 0x0000000085700000, 0x0000000085800000|  0%| F|  |TAMS 0x0000000085700000, 0x0000000085700000| Untracked 
|  44|0x0000000085800000, 0x0000000085800000, 0x0000000085900000|  0%| F|  |TAMS 0x0000000085800000, 0x0000000085800000| Untracked 
|  45|0x0000000085900000, 0x0000000085900000, 0x0000000085a00000|  0%| F|  |TAMS 0x0000000085900000, 0x0000000085900000| Untracked 
|  46|0x0000000085a00000, 0x0000000085a00000, 0x0000000085b00000|  0%| F|  |TAMS 0x0000000085a00000, 0x0000000085a00000| Untracked 
|  47|0x0000000085b00000, 0x0000000085b00000, 0x0000000085c00000|  0%| F|  |TAMS 0x0000000085b00000, 0x0000000085b00000| Untracked 
|  48|0x0000000085c00000, 0x0000000085c00000, 0x0000000085d00000|  0%| F|  |TAMS 0x0000000085c00000, 0x0000000085c00000| Untracked 
|  49|0x0000000085d00000, 0x0000000085d00000, 0x0000000085e00000|  0%| F|  |TAMS 0x0000000085d00000, 0x0000000085d00000| Untracked 
|  50|0x0000000085e00000, 0x0000000085e00000, 0x0000000085f00000|  0%| F|  |TAMS 0x0000000085e00000, 0x0000000085e00000| Untracked 
|  51|0x0000000085f00000, 0x0000000085f00000, 0x0000000086000000|  0%| F|  |TAMS 0x0000000085f00000, 0x0000000085f00000| Untracked 
|  52|0x0000000086000000, 0x0000000086000000, 0x0000000086100000|  0%| F|  |TAMS 0x0000000086000000, 0x0000000086000000| Untracked 
|  53|0x0000000086100000, 0x0000000086102040, 0x0000000086200000|  0%| S|CS|TAMS 0x0000000086100000, 0x0000000086100000| Complete 
|  54|0x0000000086200000, 0x0000000086200000, 0x0000000086300000|  0%| F|  |TAMS 0x0000000086200000, 0x0000000086200000| Untracked 
|  55|0x0000000086300000, 0x0000000086300000, 0x0000000086400000|  0%| F|  |TAMS 0x0000000086300000, 0x0000000086300000| Untracked 
|  56|0x0000000086400000, 0x0000000086400000, 0x0000000086500000|  0%| F|  |TAMS 0x0000000086400000, 0x0000000086400000| Untracked 
|  57|0x0000000086500000, 0x0000000086500000, 0x0000000086600000|  0%| F|  |TAMS 0x0000000086500000, 0x0000000086500000| Untracked 
|  58|0x0000000086600000, 0x0000000086600000, 0x0000000086700000|  0%| F|  |TAMS 0x0000000086600000, 0x0000000086600000| Untracked 
|  59|0x0000000086700000, 0x0000000086700000, 0x0000000086800000|  0%| F|  |TAMS 0x0000000086700000, 0x0000000086700000| Untracked 
|  60|0x0000000086800000, 0x0000000086800000, 0x0000000086900000|  0%| F|  |TAMS 0x0000000086800000, 0x0000000086800000| Untracked 
|  61|0x0000000086900000, 0x0000000086900000, 0x0000000086a00000|  0%| F|  |TAMS 0x0000000086900000, 0x0000000086900000| Untracked 
|  62|0x0000000086a00000, 0x0000000086a00000, 0x0000000086b00000|  0%| F|  |TAMS 0x0000000086a00000, 0x0000000086a00000| Untracked 
|  63|0x0000000086b00000, 0x0000000086b00000, 0x0000000086c00000|  0%| F|  |TAMS 0x0000000086b00000, 0x0000000086b00000| Untracked 
|  64|0x0000000086c00000, 0x0000000086c00000, 0x0000000086d00000|  0%| F|  |TAMS 0x0000000086c00000, 0x0000000086c00000| Untracked 
|  65|0x0000000086d00000, 0x0000000086d00000, 0x0000000086e00000|  0%| F|  |TAMS 0x0000000086d00000, 0x0000000086d00000| Untracked 
|  66|0x0000000086e00000, 0x0000000086e00000, 0x0000000086f00000|  0%| F|  |TAMS 0x0000000086e00000, 0x0000000086e00000| Untracked 
|  67|0x0000000086f00000, 0x0000000086f00000, 0x0000000087000000|  0%| F|  |TAMS 0x0000000086f00000, 0x0000000086f00000| Untracked 
|  68|0x0000000087000000, 0x0000000087000000, 0x0000000087100000|  0%| F|  |TAMS 0x0000000087000000, 0x0000000087000000| Untracked 
|  69|0x0000000087100000, 0x0000000087100000, 0x0000000087200000|  0%| F|  |TAMS 0x0000000087100000, 0x0000000087100000| Untracked 
|  70|0x0000000087200000, 0x0000000087200000, 0x0000000087300000|  0%| F|  |TAMS 0x0000000087200000, 0x0000000087200000| Untracked 
|  71|0x0000000087300000, 0x0000000087300000, 0x0000000087400000|  0%| F|  |TAMS 0x0000000087300000, 0x0000000087300000| Untracked 
|  72|0x0000000087400000, 0x0000000087400000, 0x0000000087500000|  0%| F|  |TAMS 0x0000000087400000, 0x0000000087400000| Untracked 
|  73|0x0000000087500000, 0x0000000087500000, 0x0000000087600000|  0%| F|  |TAMS 0x0000000087500000, 0x0000000087500000| Untracked 
|  74|0x0000000087600000, 0x0000000087600000, 0x0000000087700000|  0%| F|  |TAMS 0x0000000087600000, 0x0000000087600000| Untracked 
|  75|0x0000000087700000, 0x0000000087700000, 0x0000000087800000|  0%| F|  |TAMS 0x0000000087700000, 0x0000000087700000| Untracked 
|  76|0x0000000087800000, 0x0000000087800000, 0x0000000087900000|  0%| F|  |TAMS 0x0000000087800000, 0x0000000087800000| Untracked 
|  77|0x0000000087900000, 0x0000000087900000, 0x0000000087a00000|  0%| F|  |TAMS 0x0000000087900000, 0x0000000087900000| Untracked 
|  78|0x0000000087a00000, 0x0000000087a00000, 0x0000000087b00000|  0%| F|  |TAMS 0x0000000087a00000, 0x0000000087a00000| Untracked 
|  79|0x0000000087b00000, 0x0000000087b00000, 0x0000000087c00000|  0%| F|  |TAMS 0x0000000087b00000, 0x0000000087b00000| Untracked 
|  80|0x0000000087c00000, 0x0000000087c00000, 0x0000000087d00000|  0%| F|  |TAMS 0x0000000087c00000, 0x0000000087c00000| Untracked 
|  81|0x0000000087d00000, 0x0000000087d00000, 0x0000000087e00000|  0%| F|  |TAMS 0x0000000087d00000, 0x0000000087d00000| Untracked 
|  82|0x0000000087e00000, 0x0000000087e00000, 0x0000000087f00000|  0%| F|  |TAMS 0x0000000087e00000, 0x0000000087e00000| Untracked 
|  83|0x0000000087f00000, 0x0000000087f00000, 0x0000000088000000|  0%| F|  |TAMS 0x0000000087f00000, 0x0000000087f00000| Untracked 
|  84|0x0000000088000000, 0x0000000088000000, 0x0000000088100000|  0%| F|  |TAMS 0x0000000088000000, 0x0000000088000000| Untracked 
|  85|0x0000000088100000, 0x0000000088100000, 0x0000000088200000|  0%| F|  |TAMS 0x0000000088100000, 0x0000000088100000| Untracked 
|  86|0x0000000088200000, 0x0000000088200000, 0x0000000088300000|  0%| F|  |TAMS 0x0000000088200000, 0x0000000088200000| Untracked 
|  87|0x0000000088300000, 0x0000000088300000, 0x0000000088400000|  0%| F|  |TAMS 0x0000000088300000, 0x0000000088300000| Untracked 
|  88|0x0000000088400000, 0x0000000088400000, 0x0000000088500000|  0%| F|  |TAMS 0x0000000088400000, 0x0000000088400000| Untracked 
|  89|0x0000000088500000, 0x0000000088500000, 0x0000000088600000|  0%| F|  |TAMS 0x0000000088500000, 0x0000000088500000| Untracked 
|  90|0x0000000088600000, 0x0000000088600000, 0x0000000088700000|  0%| F|  |TAMS 0x0000000088600000, 0x0000000088600000| Untracked 
|  91|0x0000000088700000, 0x0000000088700000, 0x0000000088800000|  0%| F|  |TAMS 0x0000000088700000, 0x0000000088700000| Untracked 
|  92|0x0000000088800000, 0x0000000088800000, 0x0000000088900000|  0%| F|  |TAMS 0x0000000088800000, 0x0000000088800000| Untracked 
|  93|0x0000000088900000, 0x0000000088900000, 0x0000000088a00000|  0%| F|  |TAMS 0x0000000088900000, 0x0000000088900000| Untracked 
|  94|0x0000000088a00000, 0x0000000088a00000, 0x0000000088b00000|  0%| F|  |TAMS 0x0000000088a00000, 0x0000000088a00000| Untracked 
|  95|0x0000000088b00000, 0x0000000088b00000, 0x0000000088c00000|  0%| F|  |TAMS 0x0000000088b00000, 0x0000000088b00000| Untracked 
|  96|0x0000000088c00000, 0x0000000088c00000, 0x0000000088d00000|  0%| F|  |TAMS 0x0000000088c00000, 0x0000000088c00000| Untracked 
|  97|0x0000000088d00000, 0x0000000088d00000, 0x0000000088e00000|  0%| F|  |TAMS 0x0000000088d00000, 0x0000000088d00000| Untracked 
|  98|0x0000000088e00000, 0x0000000088e00000, 0x0000000088f00000|  0%| F|  |TAMS 0x0000000088e00000, 0x0000000088e00000| Untracked 
|  99|0x0000000088f00000, 0x0000000088f00000, 0x0000000089000000|  0%| F|  |TAMS 0x0000000088f00000, 0x0000000088f00000| Untracked 
| 100|0x0000000089000000, 0x0000000089000000, 0x0000000089100000|  0%| F|  |TAMS 0x0000000089000000, 0x0000000089000000| Untracked 
| 101|0x0000000089100000, 0x0000000089100000, 0x0000000089200000|  0%| F|  |TAMS 0x0000000089100000, 0x0000000089100000| Untracked 
| 102|0x0000000089200000, 0x0000000089200000, 0x0000000089300000|  0%| F|  |TAMS 0x0000000089200000, 0x0000000089200000| Untracked 
| 103|0x0000000089300000, 0x0000000089300000, 0x0000000089400000|  0%| F|  |TAMS 0x0000000089300000, 0x0000000089300000| Untracked 
| 104|0x0000000089400000, 0x0000000089400000, 0x0000000089500000|  0%| F|  |TAMS 0x0000000089400000, 0x0000000089400000| Untracked 
| 105|0x0000000089500000, 0x0000000089500000, 0x0000000089600000|  0%| F|  |TAMS 0x0000000089500000, 0x0000000089500000| Untracked 
| 106|0x0000000089600000, 0x0000000089600000, 0x0000000089700000|  0%| F|  |TAMS 0x0000000089600000, 0x0000000089600000| Untracked 
| 107|0x0000000089700000, 0x0000000089700000, 0x0000000089800000|  0%| F|  |TAMS 0x0000000089700000, 0x0000000089700000| Untracked 
| 108|0x0000000089800000, 0x0000000089800000, 0x0000000089900000|  0%| F|  |TAMS 0x0000000089800000, 0x0000000089800000| Untracked 
| 109|0x0000000089900000, 0x0000000089a00000, 0x0000000089a00000|100%| E|  |TAMS 0x0000000089900000, 0x0000000089900000| Complete 
| 110|0x0000000089a00000, 0x0000000089b00000, 0x0000000089b00000|100%| E|CS|TAMS 0x0000000089a00000, 0x0000000089a00000| Complete 
| 111|0x0000000089b00000, 0x0000000089c00000, 0x0000000089c00000|100%| E|CS|TAMS 0x0000000089b00000, 0x0000000089b00000| Complete 
| 112|0x0000000089c00000, 0x0000000089d00000, 0x0000000089d00000|100%| E|CS|TAMS 0x0000000089c00000, 0x0000000089c00000| Complete 
| 113|0x0000000089d00000, 0x0000000089e00000, 0x0000000089e00000|100%| E|CS|TAMS 0x0000000089d00000, 0x0000000089d00000| Complete 
| 114|0x0000000089e00000, 0x0000000089f00000, 0x0000000089f00000|100%| E|CS|TAMS 0x0000000089e00000, 0x0000000089e00000| Complete 
| 115|0x0000000089f00000, 0x000000008a000000, 0x000000008a000000|100%| E|CS|TAMS 0x0000000089f00000, 0x0000000089f00000| Complete 
| 116|0x000000008a000000, 0x000000008a100000, 0x000000008a100000|100%| E|CS|TAMS 0x000000008a000000, 0x000000008a000000| Complete 
| 117|0x000000008a100000, 0x000000008a200000, 0x000000008a200000|100%| E|CS|TAMS 0x000000008a100000, 0x000000008a100000| Complete 
| 118|0x000000008a200000, 0x000000008a300000, 0x000000008a300000|100%| E|CS|TAMS 0x000000008a200000, 0x000000008a200000| Complete 
| 119|0x000000008a300000, 0x000000008a400000, 0x000000008a400000|100%| E|CS|TAMS 0x000000008a300000, 0x000000008a300000| Complete 
| 120|0x000000008a400000, 0x000000008a500000, 0x000000008a500000|100%| E|CS|TAMS 0x000000008a400000, 0x000000008a400000| Complete 
| 121|0x000000008a500000, 0x000000008a600000, 0x000000008a600000|100%| E|CS|TAMS 0x000000008a500000, 0x000000008a500000| Complete 
| 122|0x000000008a600000, 0x000000008a700000, 0x000000008a700000|100%| E|CS|TAMS 0x000000008a600000, 0x000000008a600000| Complete 
| 123|0x000000008a700000, 0x000000008a800000, 0x000000008a800000|100%| E|CS|TAMS 0x000000008a700000, 0x000000008a700000| Complete 
| 124|0x000000008a800000, 0x000000008a900000, 0x000000008a900000|100%| E|CS|TAMS 0x000000008a800000, 0x000000008a800000| Complete 
| 125|0x000000008a900000, 0x000000008aa00000, 0x000000008aa00000|100%| E|CS|TAMS 0x000000008a900000, 0x000000008a900000| Complete 

Card table byte_map: [0x000001fb58f30000,0x000001fb59320000] _byte_map_base: 0x000001fb58b1a000

Marking Bits (Prev, Next): (CMBitMap*) 0x000001fb41c28f50, (CMBitMap*) 0x000001fb41c28f90
 Prev Bits: [0x000001fb59710000, 0x000001fb5b660000)
 Next Bits: [0x000001fb5b660000, 0x000001fb5d5b0000)

Polling page: 0x000001fb3fb60000

Metaspace:

Usage:
  Non-class:     14.20 MB used.
      Class:      1.76 MB used.
       Both:     15.96 MB used.

Virtual space:
  Non-class space:       64.00 MB reserved,      14.38 MB ( 22%) committed,  1 nodes.
      Class space:        1.00 GB reserved,       1.88 MB ( <1%) committed,  1 nodes.
             Both:        1.06 GB reserved,      16.25 MB (  1%) committed. 

Chunk freelists:
   Non-Class:  990.00 KB
       Class:  2.17 MB
        Both:  3.14 MB

MaxMetaspaceSize: unlimited
CompressedClassSpaceSize: 1.00 GB
Initial GC threshold: 21.00 MB
Current GC threshold: 21.00 MB
CDS: on
MetaspaceReclaimPolicy: balanced
 - commit_granule_bytes: 65536.
 - commit_granule_words: 8192.
 - virtual_space_node_default_size: 8388608.
 - enlarge_chunks_in_place: 1.
 - new_chunks_are_fully_committed: 0.
 - uncommit_free_chunks: 1.
 - use_allocation_guard: 0.


Internal statistics:

num_allocs_failed_limit: 0.
num_arena_births: 194.
num_arena_deaths: 0.
num_vsnodes_births: 2.
num_vsnodes_deaths: 0.
num_space_committed: 260.
num_space_uncommitted: 0.
num_chunks_returned_to_freelist: 0.
num_chunks_taken_from_freelist: 390.
num_chunk_merges: 0.
num_chunk_splits: 255.
num_chunks_enlarged: 169.
num_inconsistent_stats: 0.

CodeHeap 'non-profiled nmethods': size=120000Kb used=1844Kb max_used=1844Kb free=118155Kb
 bounds [0x000001fb51610000, 0x000001fb51880000, 0x000001fb58b40000]
CodeHeap 'profiled nmethods': size=120000Kb used=5932Kb max_used=5932Kb free=114067Kb
 bounds [0x000001fb49b40000, 0x000001fb4a110000, 0x000001fb51070000]
CodeHeap 'non-nmethods': size=5760Kb used=1435Kb max_used=1474Kb free=4324Kb
 bounds [0x000001fb51070000, 0x000001fb512e0000, 0x000001fb51610000]
 total_blobs=3725 nmethods=3026 adapters=608
 compilation: enabled
              stopped_count=0, restarted_count=0
 full_count=0

Compilation events (20 events):
Event: 32643.439 Thread 0x000001fb5fa6bc00 nmethod 3019 0x000001fb517d2190 code [0x000001fb517d2420, 0x000001fb517d3d60]
Event: 33144.242 Thread 0x000001fb5fa6bc00 3020       4       java.lang.ref.ReferenceQueue::await (15 bytes)
Event: 33144.273 Thread 0x000001fb5fa6bc00 nmethod 3020 0x000001fb517d4b90 code [0x000001fb517d4da0, 0x000001fb517d5ac0]
Event: 33304.537 Thread 0x000001fb5fa6bc00 3021   !   4       java.lang.ref.ReferenceQueue::remove (61 bytes)
Event: 33304.586 Thread 0x000001fb5fa6bc00 nmethod 3021 0x000001fb517d6510 code [0x000001fb517d67a0, 0x000001fb517d8100]
Event: 33655.150 Thread 0x000001fb5fa6bc00 3022       4       java.lang.Thread::getContextClassLoader (41 bytes)
Event: 33655.158 Thread 0x000001fb5fa6bc00 nmethod 3022 0x000001fb517d9010 code [0x000001fb517d91a0, 0x000001fb517d9258]
Event: 33765.313 Thread 0x000001fb5fa6bc00 3023       4       java.net.URLStreamHandler::parseURL (1124 bytes)
Event: 33765.352 Thread 0x000001fb5fa6bc00 nmethod 3023 0x000001fb517d9310 code [0x000001fb517d96c0, 0x000001fb517da750]
Event: 34942.447 Thread 0x000001fb5fa6bc00 3024   !   4       com.mysql.cj.jdbc.AbandonedConnectionCleanupThread::checkThreadContextClassLoader (20 bytes)
Event: 34942.456 Thread 0x000001fb5fa6bc00 nmethod 3024 0x000001fb517db890 code [0x000001fb517dba60, 0x000001fb517dbbf0]
Event: 55436.847 Thread 0x000001fb5fa6bc00 3025       4       sun.util.calendar.Gregorian$Date::getNormalizedYear (5 bytes)
Event: 55436.850 Thread 0x000001fb5fa6bc00 nmethod 3025 0x000001fb517dbe90 code [0x000001fb517dc000, 0x000001fb517dc078]
Event: 55436.861 Thread 0x000001fb5fa7ed40 3026       3       java.util.GregorianCalendar::computeFields (1581 bytes)
Event: 55436.879 Thread 0x000001fb5fa7ed40 nmethod 3026 0x000001fb4a103a90 code [0x000001fb4a104120, 0x000001fb4a1090b8]
Event: 55439.911 Thread 0x000001fb5fa6bc00 3027       4       sun.util.calendar.ZoneInfo::getOffsets (8 bytes)
Event: 55439.913 Thread 0x000001fb5fa6bc00 nmethod 3027 0x000001fb517dc190 code [0x000001fb517dc320, 0x000001fb517dc3c8]
Event: 57385.114 Thread 0x000001fb5fa6bc00 3028       4       sun.util.calendar.BaseCalendar::getCalendarDateFromFixedDate (305 bytes)
Event: 57385.284 Thread 0x000001fb5fa6bc00 nmethod 3028 0x000001fb517dc490 code [0x000001fb517dc620, 0x000001fb517dcb98]
Event: 57397.855 Thread 0x000001fb5fa6bc00 3029       4       java.util.GregorianCalendar::computeFields (1581 bytes)

GC Heap History (20 events):
Event: 35192.738 GC heap before
{Heap before GC invocations=67 (full 0):
 garbage-first heap   total 129024K, used 113518K [0x0000000082c00000, 0x0000000100000000)
  region size 1024K, 72 young (73728K), 1 survivors (1024K)
 Metaspace       used 16341K, committed 16640K, reserved 1114112K
  class space    used 1797K, committed 1920K, reserved 1048576K
}
Event: 35192.740 GC heap after
{Heap after GC invocations=68 (full 0):
 garbage-first heap   total 129024K, used 40814K [0x0000000082c00000, 0x0000000100000000)
  region size 1024K, 1 young (1024K), 1 survivors (1024K)
 Metaspace       used 16341K, committed 16640K, reserved 1114112K
  class space    used 1797K, committed 1920K, reserved 1048576K
}
Event: 35607.080 GC heap before
{Heap before GC invocations=68 (full 0):
 garbage-first heap   total 129024K, used 113518K [0x0000000082c00000, 0x0000000100000000)
  region size 1024K, 72 young (73728K), 1 survivors (1024K)
 Metaspace       used 16341K, committed 16640K, reserved 1114112K
  class space    used 1797K, committed 1920K, reserved 1048576K
}
Event: 35607.081 GC heap after
{Heap after GC invocations=69 (full 0):
 garbage-first heap   total 129024K, used 40822K [0x0000000082c00000, 0x0000000100000000)
  region size 1024K, 1 young (1024K), 1 survivors (1024K)
 Metaspace       used 16341K, committed 16640K, reserved 1114112K
  class space    used 1797K, committed 1920K, reserved 1048576K
}
Event: 36020.068 GC heap before
{Heap before GC invocations=69 (full 0):
 garbage-first heap   total 129024K, used 113526K [0x0000000082c00000, 0x0000000100000000)
  region size 1024K, 72 young (73728K), 1 survivors (1024K)
 Metaspace       used 16341K, committed 16640K, reserved 1114112K
  class space    used 1797K, committed 1920K, reserved 1048576K
}
Event: 36020.074 GC heap after
{Heap after GC invocations=70 (full 0):
 garbage-first heap   total 129024K, used 40824K [0x0000000082c00000, 0x0000000100000000)
  region size 1024K, 1 young (1024K), 1 survivors (1024K)
 Metaspace       used 16341K, committed 16640K, reserved 1114112K
  class space    used 1797K, committed 1920K, reserved 1048576K
}
Event: 39482.929 GC heap before
{Heap before GC invocations=70 (full 0):
 garbage-first heap   total 129024K, used 113528K [0x0000000082c00000, 0x0000000100000000)
  region size 1024K, 72 young (73728K), 1 survivors (1024K)
 Metaspace       used 16341K, committed 16640K, reserved 1114112K
  class space    used 1797K, committed 1920K, reserved 1048576K
}
Event: 39482.930 GC heap after
{Heap after GC invocations=71 (full 0):
 garbage-first heap   total 129024K, used 40824K [0x0000000082c00000, 0x0000000100000000)
  region size 1024K, 1 young (1024K), 1 survivors (1024K)
 Metaspace       used 16341K, committed 16640K, reserved 1114112K
  class space    used 1797K, committed 1920K, reserved 1048576K
}
Event: 39878.962 GC heap before
{Heap before GC invocations=71 (full 0):
 garbage-first heap   total 129024K, used 113528K [0x0000000082c00000, 0x0000000100000000)
  region size 1024K, 72 young (73728K), 1 survivors (1024K)
 Metaspace       used 16341K, committed 16640K, reserved 1114112K
  class space    used 1797K, committed 1920K, reserved 1048576K
}
Event: 39878.964 GC heap after
{Heap after GC invocations=72 (full 0):
 garbage-first heap   total 129024K, used 40824K [0x0000000082c00000, 0x0000000100000000)
  region size 1024K, 1 young (1024K), 1 survivors (1024K)
 Metaspace       used 16341K, committed 16640K, reserved 1114112K
  class space    used 1797K, committed 1920K, reserved 1048576K
}
Event: 42814.019 GC heap before
{Heap before GC invocations=72 (full 0):
 garbage-first heap   total 129024K, used 113528K [0x0000000082c00000, 0x0000000100000000)
  region size 1024K, 72 young (73728K), 1 survivors (1024K)
 Metaspace       used 16341K, committed 16640K, reserved 1114112K
  class space    used 1797K, committed 1920K, reserved 1048576K
}
Event: 42814.020 GC heap after
{Heap after GC invocations=73 (full 0):
 garbage-first heap   total 129024K, used 40824K [0x0000000082c00000, 0x0000000100000000)
  region size 1024K, 1 young (1024K), 1 survivors (1024K)
 Metaspace       used 16341K, committed 16640K, reserved 1114112K
  class space    used 1797K, committed 1920K, reserved 1048576K
}
Event: 43244.080 GC heap before
{Heap before GC invocations=73 (full 0):
 garbage-first heap   total 129024K, used 113528K [0x0000000082c00000, 0x0000000100000000)
  region size 1024K, 72 young (73728K), 1 survivors (1024K)
 Metaspace       used 16341K, committed 16640K, reserved 1114112K
  class space    used 1797K, committed 1920K, reserved 1048576K
}
Event: 43244.081 GC heap after
{Heap after GC invocations=74 (full 0):
 garbage-first heap   total 129024K, used 40824K [0x0000000082c00000, 0x0000000100000000)
  region size 1024K, 1 young (1024K), 1 survivors (1024K)
 Metaspace       used 16341K, committed 16640K, reserved 1114112K
  class space    used 1797K, committed 1920K, reserved 1048576K
}
Event: 43675.764 GC heap before
{Heap before GC invocations=74 (full 0):
 garbage-first heap   total 129024K, used 113528K [0x0000000082c00000, 0x0000000100000000)
  region size 1024K, 72 young (73728K), 1 survivors (1024K)
 Metaspace       used 16341K, committed 16640K, reserved 1114112K
  class space    used 1797K, committed 1920K, reserved 1048576K
}
Event: 43675.766 GC heap after
{Heap after GC invocations=75 (full 0):
 garbage-first heap   total 129024K, used 40824K [0x0000000082c00000, 0x0000000100000000)
  region size 1024K, 1 young (1024K), 1 survivors (1024K)
 Metaspace       used 16341K, committed 16640K, reserved 1114112K
  class space    used 1797K, committed 1920K, reserved 1048576K
}
Event: 44118.837 GC heap before
{Heap before GC invocations=75 (full 0):
 garbage-first heap   total 129024K, used 113528K [0x0000000082c00000, 0x0000000100000000)
  region size 1024K, 72 young (73728K), 1 survivors (1024K)
 Metaspace       used 16341K, committed 16640K, reserved 1114112K
  class space    used 1797K, committed 1920K, reserved 1048576K
}
Event: 44118.838 GC heap after
{Heap after GC invocations=76 (full 0):
 garbage-first heap   total 129024K, used 40833K [0x0000000082c00000, 0x0000000100000000)
  region size 1024K, 1 young (1024K), 1 survivors (1024K)
 Metaspace       used 16341K, committed 16640K, reserved 1114112K
  class space    used 1797K, committed 1920K, reserved 1048576K
}
Event: 44550.557 GC heap before
{Heap before GC invocations=76 (full 0):
 garbage-first heap   total 129024K, used 113537K [0x0000000082c00000, 0x0000000100000000)
  region size 1024K, 72 young (73728K), 1 survivors (1024K)
 Metaspace       used 16341K, committed 16640K, reserved 1114112K
  class space    used 1797K, committed 1920K, reserved 1048576K
}
Event: 44550.559 GC heap after
{Heap after GC invocations=77 (full 0):
 garbage-first heap   total 129024K, used 40833K [0x0000000082c00000, 0x0000000100000000)
  region size 1024K, 1 young (1024K), 1 survivors (1024K)
 Metaspace       used 16341K, committed 16640K, reserved 1114112K
  class space    used 1797K, committed 1920K, reserved 1048576K
}

Dll operation events (11 events):
Event: 0.011 Loaded shared library C:\Program Files\Java\jdk-19\bin\java.dll
Event: 0.025 Loaded shared library C:\Program Files\Java\jdk-19\bin\jsvml.dll
Event: 0.108 Loaded shared library C:\Program Files\Java\jdk-19\bin\net.dll
Event: 0.111 Loaded shared library C:\Program Files\Java\jdk-19\bin\nio.dll
Event: 0.186 Loaded shared library C:\Program Files\Java\jdk-19\bin\zip.dll
Event: 0.224 Loaded shared library C:\Program Files\Java\jdk-19\bin\jimage.dll
Event: 0.251 Loaded shared library C:\Program Files\Java\jdk-19\bin\awt.dll
Event: 0.776 Loaded shared library C:\Program Files\Java\jdk-19\bin\extnet.dll
Event: 1.480 Loaded shared library C:\Program Files\Java\jdk-19\bin\javajpeg.dll
Event: 2.142 Loaded shared library C:\Program Files\Java\jdk-19\bin\freetype.dll
Event: 2.144 Loaded shared library C:\Program Files\Java\jdk-19\bin\fontmanager.dll

Deoptimization events (20 events):
Event: 32649.138 Thread 0x000001fb63c96cb0 Uncommon trap: trap_request=0xffffff66 fr.pc=0x000001fb517d3b98 relative=0x0000000000001778
Event: 32649.138 Thread 0x000001fb63c96cb0 Uncommon trap: reason=speculate_class_check action=maybe_recompile pc=0x000001fb517d3b98 method=java.lang.Thread.isVirtual()Z @ 1 c2
Event: 32649.138 Thread 0x000001fb63c96cb0 DEOPT PACKING pc=0x000001fb517d3b98 sp=0x000000a546fff070
Event: 32649.138 Thread 0x000001fb63c96cb0 DEOPT UNPACKING pc=0x000001fb510d6da3 sp=0x000000a546ffedd0 mode 2
Event: 32709.140 Thread 0x000001fb63c96cb0 Uncommon trap: trap_request=0xffffff66 fr.pc=0x000001fb517d3b98 relative=0x0000000000001778
Event: 32709.141 Thread 0x000001fb63c96cb0 Uncommon trap: reason=speculate_class_check action=maybe_recompile pc=0x000001fb517d3b98 method=java.lang.Thread.isVirtual()Z @ 1 c2
Event: 32709.141 Thread 0x000001fb63c96cb0 DEOPT PACKING pc=0x000001fb517d3b98 sp=0x000000a546fff070
Event: 32709.144 Thread 0x000001fb63c96cb0 DEOPT UNPACKING pc=0x000001fb510d6da3 sp=0x000000a546ffedd0 mode 2
Event: 33189.204 Thread 0x000001fb63c96cb0 Uncommon trap: trap_request=0xffffff66 fr.pc=0x000001fb517d59c8 relative=0x0000000000000c28
Event: 33189.204 Thread 0x000001fb63c96cb0 Uncommon trap: reason=speculate_class_check action=maybe_recompile pc=0x000001fb517d59c8 method=java.lang.Thread.isVirtual()Z @ 1 c2
Event: 33189.204 Thread 0x000001fb63c96cb0 DEOPT PACKING pc=0x000001fb517d59c8 sp=0x000000a546ffefa0
Event: 33189.204 Thread 0x000001fb63c96cb0 DEOPT UNPACKING pc=0x000001fb510d6da3 sp=0x000000a546ffedd0 mode 2
Event: 33249.204 Thread 0x000001fb63c96cb0 Uncommon trap: trap_request=0xffffff66 fr.pc=0x000001fb517d59c8 relative=0x0000000000000c28
Event: 33249.204 Thread 0x000001fb63c96cb0 Uncommon trap: reason=speculate_class_check action=maybe_recompile pc=0x000001fb517d59c8 method=java.lang.Thread.isVirtual()Z @ 1 c2
Event: 33249.204 Thread 0x000001fb63c96cb0 DEOPT PACKING pc=0x000001fb517d59c8 sp=0x000000a546ffefa0
Event: 33249.204 Thread 0x000001fb63c96cb0 DEOPT UNPACKING pc=0x000001fb510d6da3 sp=0x000000a546ffedd0 mode 2
Event: 55433.391 Thread 0x000001fb63c97ca0 Uncommon trap: trap_request=0xffffff45 fr.pc=0x000001fb51744110 relative=0x0000000000000e70
Event: 55436.155 Thread 0x000001fb63c97ca0 Uncommon trap: reason=unstable_if action=reinterpret pc=0x000001fb51744110 method=java.util.GregorianCalendar.computeFields(II)I @ 201 c2
Event: 55436.156 Thread 0x000001fb63c97ca0 DEOPT PACKING pc=0x000001fb51744110 sp=0x000000a5472fecb0
Event: 55436.164 Thread 0x000001fb63c97ca0 DEOPT UNPACKING pc=0x000001fb510d6da3 sp=0x000000a5472febc0 mode 2

Classes loaded (20 events):
Event: 2627.135 Loading class javax/crypto/IllegalBlockSizeException
Event: 2627.141 Loading class javax/crypto/IllegalBlockSizeException done
Event: 2627.141 Loading class javax/crypto/BadPaddingException
Event: 2627.141 Loading class javax/crypto/BadPaddingException done
Event: 2627.141 Loading class java/security/UnrecoverableKeyException
Event: 2627.141 Loading class java/security/UnrecoverableEntryException
Event: 2627.142 Loading class java/security/UnrecoverableEntryException done
Event: 2627.142 Loading class java/security/UnrecoverableKeyException done
Event: 2627.142 Loading class java/security/KeyStoreException
Event: 2627.142 Loading class java/security/KeyStoreException done
Event: 2627.142 Loading class java/security/cert/CertificateException
Event: 2627.142 Loading class java/security/cert/CertificateException done
Event: 2627.142 Loading class java/security/KeyManagementException
Event: 2627.142 Loading class java/security/KeyManagementException done
Event: 2627.143 Loading class javax/net/ssl/TrustManager
Event: 2627.143 Loading class javax/net/ssl/TrustManager done
Event: 4771.579 Loading class java/awt/desktop/SystemSleepListener
Event: 4771.579 Loading class java/awt/desktop/SystemEventListener
Event: 4771.580 Loading class java/awt/desktop/SystemEventListener done
Event: 4771.580 Loading class java/awt/desktop/SystemSleepListener done

Classes unloaded (0 events):
No events

Classes redefined (0 events):
No events

Internal exceptions (20 events):
Event: 0.392 Thread 0x000001fb41bc73b0 Exception <a 'java/lang/NoSuchMethodError'{0x000000008a4e2c18}: 'java.lang.Object java.lang.invoke.DirectMethodHandle$Holder.invokeStatic(java.lang.Object, int, java.lang.Object)'> (0x000000008a4e2c18) 
thrown [s\open\src\hotspot\share\interpreter\linkResolver.cpp, line 774]
Event: 0.467 Thread 0x000001fb63c97ca0 Exception <a 'java/lang/ClassNotFoundException'{0x000000008a3e68b0}: com/sun/swing/internal/plaf/metal/resources/spi/metalProvider> (0x000000008a3e68b0) 
thrown [s\open\src\hotspot\share\classfile\systemDictionary.cpp, line 255]
Event: 0.469 Thread 0x000001fb63c97ca0 Exception <a 'java/lang/ClassNotFoundException'{0x000000008a3ea880}: com/sun/swing/internal/plaf/basic/resources/spi/basicProvider> (0x000000008a3ea880) 
thrown [s\open\src\hotspot\share\classfile\systemDictionary.cpp, line 255]
Event: 0.483 Thread 0x000001fb63c97ca0 Exception <a 'java/lang/NoSuchMethodError'{0x000000008a20abe0}: 'int java.lang.invoke.Invokers$Holder.invokeExact_MT(java.lang.Object, java.lang.Object)'> (0x000000008a20abe0) 
thrown [s\open\src\hotspot\share\interpreter\linkResolver.cpp, line 774]
Event: 0.575 Thread 0x000001fb63c97ca0 Exception <a 'java/lang/NoSuchMethodError'{0x000000008a162258}: 'java.lang.Object java.lang.invoke.DirectMethodHandle$Holder.invokeInterface(java.lang.Object, java.lang.Object)'> (0x000000008a162258) 
thrown [s\open\src\hotspot\share\interpreter\linkResolver.cpp, line 774]
Event: 0.622 Thread 0x000001fb63c97ca0 Exception <a 'java/lang/NoSuchMethodError'{0x000000008a1dbdc0}: 'void java.lang.invoke.DirectMethodHandle$Holder.invokeStatic(java.lang.Object, java.lang.Object, java.lang.Object)'> (0x000000008a1dbdc0) 
thrown [s\open\src\hotspot\share\interpreter\linkResolver.cpp, line 774]
Event: 0.632 Thread 0x000001fb63c97ca0 Exception <a 'java/lang/NoSuchMethodError'{0x000000008a1e5e00}: 'java.lang.Object java.lang.invoke.DirectMethodHandle$Holder.invokeVirtual(java.lang.Object, java.lang.Object, java.lang.Object)'> (0x000000008a1e5e00) 
thrown [s\open\src\hotspot\share\interpreter\linkResolver.cpp, line 774]
Event: 0.777 Thread 0x000001fb63c97ca0 Exception <a 'java/lang/NoSuchMethodError'{0x0000000089edcf38}: 'void java.lang.invoke.DirectMethodHandle$Holder.invokeStatic(java.lang.Object, java.lang.Object)'> (0x0000000089edcf38) 
thrown [s\open\src\hotspot\share\interpreter\linkResolver.cpp, line 774]
Event: 1.385 Thread 0x000001fb63c99730 Implicit null exception at 0x000001fb51660f55 to 0x000001fb516614bc
Event: 1.385 Thread 0x000001fb63c99730 Implicit null exception at 0x000001fb5165f9d2 to 0x000001fb5165ff14
Event: 1.424 Thread 0x000001fb63c99730 Exception <a 'java/lang/NoSuchMethodError'{0x000000008a388fa8}: 'java.lang.Object java.lang.invoke.DirectMethodHandle$Holder.newInvokeSpecial(java.lang.Object, java.lang.Object, java.lang.Object, int, int, int, int, int)'> (0x000000008a388fa8) 
thrown [s\open\src\hotspot\share\interpreter\linkResolver.cpp, line 774]
Event: 2.646 Thread 0x000001fb63c97ca0 Exception <a 'java/lang/NoSuchMethodError'{0x0000000089b90e80}: 'void java.lang.invoke.DirectMethodHandle$Holder.invokeStaticInit(java.lang.Object)'> (0x0000000089b90e80) 
thrown [s\open\src\hotspot\share\interpreter\linkResolver.cpp, line 774]
Event: 2.877 Thread 0x000001fb63c991e0 Exception <a 'java/lang/NoSuchMethodError'{0x00000000895ffae0}: 'void java.lang.invoke.DirectMethodHandle$Holder.invokeVirtual(java.lang.Object, java.lang.Object)'> (0x00000000895ffae0) 
thrown [s\open\src\hotspot\share\interpreter\linkResolver.cpp, line 774]
Event: 3.062 Thread 0x000001fb63c99730 Implicit null exception at 0x000001fb51697fe0 to 0x000001fb51699598
Event: 3.078 Thread 0x000001fb63c97ca0 Implicit null exception at 0x000001fb516cab20 to 0x000001fb516cac00
Event: 3.083 Thread 0x000001fb63c97ca0 Implicit null exception at 0x000001fb516ca7d0 to 0x000001fb516ca82c
Event: 3.135 Thread 0x000001fb63c97ca0 Exception <a 'java/lang/NoSuchMethodError'{0x000000008929cc50}: 'int java.lang.invoke.DirectMethodHandle$Holder.invokeStatic(java.lang.Object)'> (0x000000008929cc50) 
thrown [s\open\src\hotspot\share\interpreter\linkResolver.cpp, line 774]
Event: 8.407 Thread 0x000001fb63c97ca0 Implicit null exception at 0x000001fb516c7fae to 0x000001fb516c8afc
Event: 24.198 Thread 0x000001fb65423a10 Implicit null exception at 0x000001fb5171ad72 to 0x000001fb5171ba88
Event: 2627.149 Thread 0x000001fb63c98740 Exception <a 'java/lang/NoSuchMethodError'{0x000000008a8193f0}: 'void java.lang.invoke.DirectMethodHandle$Holder.invokeStaticInit(java.lang.Object, java.lang.Object)'> (0x000000008a8193f0) 
thrown [s\open\src\hotspot\share\interpreter\linkResolver.cpp, line 774]

VM Operations (20 events):
Event: 35192.738 Executing VM operation: G1CollectForAllocation
Event: 35192.740 Executing VM operation: G1CollectForAllocation done
Event: 35607.080 Executing VM operation: G1CollectForAllocation
Event: 35607.081 Executing VM operation: G1CollectForAllocation done
Event: 36020.067 Executing VM operation: G1CollectForAllocation
Event: 36020.074 Executing VM operation: G1CollectForAllocation done
Event: 39482.929 Executing VM operation: G1CollectForAllocation
Event: 39482.930 Executing VM operation: G1CollectForAllocation done
Event: 39878.962 Executing VM operation: G1CollectForAllocation
Event: 39878.964 Executing VM operation: G1CollectForAllocation done
Event: 42814.019 Executing VM operation: G1CollectForAllocation
Event: 42814.021 Executing VM operation: G1CollectForAllocation done
Event: 43244.080 Executing VM operation: G1CollectForAllocation
Event: 43244.081 Executing VM operation: G1CollectForAllocation done
Event: 43675.764 Executing VM operation: G1CollectForAllocation
Event: 43675.766 Executing VM operation: G1CollectForAllocation done
Event: 44118.837 Executing VM operation: G1CollectForAllocation
Event: 44118.838 Executing VM operation: G1CollectForAllocation done
Event: 44550.557 Executing VM operation: G1CollectForAllocation
Event: 44550.559 Executing VM operation: G1CollectForAllocation done

Events (20 events):
Event: 0.373 Thread 0x000001fb63d9e6b0 Thread exited: 0x000001fb63d9e6b0
Event: 0.451 Thread 0x000001fb63c97ca0 Thread added: 0x000001fb63c97ca0
Event: 0.452 Thread 0x000001fb41bc73b0 Thread exited: 0x000001fb41bc73b0
Event: 0.452 Thread 0x000001fb63c981f0 Thread added: 0x000001fb63c981f0
Event: 0.528 Thread 0x000001fb63c98740 Thread added: 0x000001fb63c98740
Event: 0.602 Thread 0x000001fb6475c230 Thread added: 0x000001fb6475c230
Event: 1.168 Thread 0x000001fb6475c230 Thread exited: 0x000001fb6475c230
Event: 1.305 Thread 0x000001fb64e7ec90 Thread added: 0x000001fb64e7ec90
Event: 1.380 Thread 0x000001fb63c99730 Thread added: 0x000001fb63c99730
Event: 1.455 Thread 0x000001fb63c99c80 Thread added: 0x000001fb63c99c80
Event: 1.459 Thread 0x000001fb63c96760 Thread added: 0x000001fb63c96760
Event: 2.245 Thread 0x000001fb65424f50 Thread added: 0x000001fb65424f50
Event: 3.417 Thread 0x000001fb64e7ec90 Thread exited: 0x000001fb64e7ec90
Event: 5.884 Thread 0x000001fb662ba010 Thread added: 0x000001fb662ba010
Event: 6.216 Thread 0x000001fb662ba010 Thread exited: 0x000001fb662ba010
Event: 7.477 Thread 0x000001fb63c99c80 Thread exited: 0x000001fb63c99c80
Event: 7.617 Thread 0x000001fb63c96760 Thread exited: 0x000001fb63c96760
Event: 15.066 Thread 0x000001fb63c99730 Thread exited: 0x000001fb63c99730
Event: 24.196 Thread 0x000001fb65423a10 Thread added: 0x000001fb65423a10
Event: 29.212 Thread 0x000001fb65423a10 Thread exited: 0x000001fb65423a10


Dynamic libraries:
0x00007ff616720000 - 0x00007ff616730000 	C:\Program Files\Java\jdk-19\bin\java.exe
0x00007ff98eeb0000 - 0x00007ff98f0a8000 	C:\WINDOWS\SYSTEM32\ntdll.dll
0x00007ff98d770000 - 0x00007ff98d82f000 	C:\WINDOWS\System32\KERNEL32.DLL
0x00007ff98c640000 - 0x00007ff98c912000 	C:\WINDOWS\System32\KERNELBASE.dll
0x00007ff98ca20000 - 0x00007ff98cb20000 	C:\WINDOWS\System32\ucrtbase.dll
0x00007ff9877c0000 - 0x00007ff9877db000 	C:\Program Files\Java\jdk-19\bin\VCRUNTIME140.dll
0x00007ff984f40000 - 0x00007ff984f58000 	C:\Program Files\Java\jdk-19\bin\jli.dll
0x00007ff98e1f0000 - 0x00007ff98e29e000 	C:\WINDOWS\System32\ADVAPI32.dll
0x00007ff98e790000 - 0x00007ff98e82e000 	C:\WINDOWS\System32\msvcrt.dll
0x00007ff98e5c0000 - 0x00007ff98e65c000 	C:\WINDOWS\System32\sechost.dll
0x00007ff98e660000 - 0x00007ff98e785000 	C:\WINDOWS\System32\RPCRT4.dll
0x00007ff98ddc0000 - 0x00007ff98df61000 	C:\WINDOWS\System32\USER32.dll
0x00007ff98cbb0000 - 0x00007ff98cbd2000 	C:\WINDOWS\System32\win32u.dll
0x00007ff98e830000 - 0x00007ff98e85b000 	C:\WINDOWS\System32\GDI32.dll
0x00007ff98cd40000 - 0x00007ff98ce4f000 	C:\WINDOWS\System32\gdi32full.dll
0x00007ff98ce50000 - 0x00007ff98ceed000 	C:\WINDOWS\System32\msvcp_win.dll
0x00007ff97b3f0000 - 0x00007ff97b68a000 	C:\WINDOWS\WinSxS\amd64_microsoft.windows.common-controls_6595b64144ccf1df_6.0.19041.1110_none_60b5254171f9507e\COMCTL32.dll
0x00007ff982cf0000 - 0x00007ff982cfa000 	C:\WINDOWS\SYSTEM32\VERSION.dll
0x00007ff98e520000 - 0x00007ff98e552000 	C:\WINDOWS\System32\IMM32.DLL
0x00007ff9877b0000 - 0x00007ff9877bc000 	C:\Program Files\Java\jdk-19\bin\vcruntime140_1.dll
0x00007ff980df0000 - 0x00007ff980e7e000 	C:\Program Files\Java\jdk-19\bin\msvcp140.dll
0x00007ff95bb40000 - 0x00007ff95c800000 	C:\Program Files\Java\jdk-19\bin\server\jvm.dll
0x00007ff9798c0000 - 0x00007ff9798c9000 	C:\WINDOWS\SYSTEM32\WSOCK32.dll
0x00007ff98e350000 - 0x00007ff98e3bb000 	C:\WINDOWS\System32\WS2_32.dll
0x00007ff97c120000 - 0x00007ff97c147000 	C:\WINDOWS\SYSTEM32\WINMM.dll
0x00007ff98a380000 - 0x00007ff98a392000 	C:\WINDOWS\SYSTEM32\kernel.appcore.dll
0x00007ff9875f0000 - 0x00007ff9875fa000 	C:\Program Files\Java\jdk-19\bin\jimage.dll
0x00007ff9791f0000 - 0x00007ff9793d4000 	C:\WINDOWS\SYSTEM32\DBGHELP.DLL
0x00007ff9791b0000 - 0x00007ff9791e5000 	C:\WINDOWS\SYSTEM32\dbgcore.DLL
0x00007ff98cb20000 - 0x00007ff98cba2000 	C:\WINDOWS\System32\bcryptPrimitives.dll
0x00007ff987600000 - 0x00007ff987626000 	C:\Program Files\Java\jdk-19\bin\java.dll
0x00007ff965e20000 - 0x00007ff965ef7000 	C:\Program Files\Java\jdk-19\bin\jsvml.dll
0x00007ff98cef0000 - 0x00007ff98d635000 	C:\WINDOWS\System32\SHELL32.dll
0x00007ff98a660000 - 0x00007ff98adf2000 	C:\WINDOWS\SYSTEM32\windows.storage.dll
0x00007ff98d940000 - 0x00007ff98dc95000 	C:\WINDOWS\System32\combase.dll
0x00007ff98c000000 - 0x00007ff98c030000 	C:\WINDOWS\SYSTEM32\Wldp.dll
0x00007ff98e2a0000 - 0x00007ff98e34d000 	C:\WINDOWS\System32\SHCORE.dll
0x00007ff98ed90000 - 0x00007ff98ede5000 	C:\WINDOWS\System32\shlwapi.dll
0x00007ff98c4e0000 - 0x00007ff98c4ff000 	C:\WINDOWS\SYSTEM32\profapi.dll
0x00007ff987430000 - 0x00007ff987443000 	C:\Program Files\Java\jdk-19\bin\net.dll
0x00007ff983e10000 - 0x00007ff983f1c000 	C:\WINDOWS\SYSTEM32\WINHTTP.dll
0x00007ff98bd60000 - 0x00007ff98bdca000 	C:\WINDOWS\system32\mswsock.dll
0x00007ff987350000 - 0x00007ff987366000 	C:\Program Files\Java\jdk-19\bin\nio.dll
0x00007ff9850a0000 - 0x00007ff9850b8000 	C:\Program Files\Java\jdk-19\bin\zip.dll
0x00007ff965760000 - 0x00007ff9658f1000 	C:\Program Files\Java\jdk-19\bin\awt.dll
0x00007ff98e120000 - 0x00007ff98e1ed000 	C:\WINDOWS\System32\OLEAUT32.dll
0x00007ff989ec0000 - 0x00007ff989f50000 	C:\WINDOWS\SYSTEM32\apphelp.dll
0x00007ff989f90000 - 0x00007ff98a02e000 	C:\WINDOWS\system32\uxtheme.dll
0x00007ff98dca0000 - 0x00007ff98ddb5000 	C:\WINDOWS\System32\MSCTF.dll
0x00007ff98d640000 - 0x00007ff98d76a000 	C:\WINDOWS\System32\ole32.dll
0x00007ff98a350000 - 0x00007ff98a37f000 	C:\WINDOWS\system32\DWMAPI.DLL
0x00007ff971c30000 - 0x00007ff971d55000 	C:\WINDOWS\system32\opengl32.dll
0x00007ff973140000 - 0x00007ff97316c000 	C:\WINDOWS\SYSTEM32\GLU32.dll
0x00007ff98ba50000 - 0x00007ff98bb1b000 	C:\WINDOWS\SYSTEM32\DNSAPI.dll
0x00007ff98ba00000 - 0x00007ff98ba3b000 	C:\WINDOWS\SYSTEM32\IPHLPAPI.DLL
0x00007ff98e860000 - 0x00007ff98e868000 	C:\WINDOWS\System32\NSI.dll
0x00007ff982ce0000 - 0x00007ff982cea000 	C:\Windows\System32\rasadhlp.dll
0x00007ff982e30000 - 0x00007ff982eb0000 	C:\WINDOWS\System32\fwpuclnt.dll
0x00007ff98c610000 - 0x00007ff98c637000 	C:\WINDOWS\System32\bcrypt.dll
0x00007ff987520000 - 0x00007ff987528000 	C:\Program Files\Java\jdk-19\bin\extnet.dll
0x00007ff984c50000 - 0x00007ff984c7e000 	C:\Program Files\Java\jdk-19\bin\javajpeg.dll
0x00007ff96da40000 - 0x00007ff96dac6000 	C:\Program Files\Java\jdk-19\bin\freetype.dll
0x00007ff965630000 - 0x00007ff9656f5000 	C:\Program Files\Java\jdk-19\bin\fontmanager.dll
0x00007ff98ece0000 - 0x00007ff98ed89000 	C:\WINDOWS\System32\clbcatq.dll
0x00007ff984860000 - 0x00007ff984a14000 	C:\WINDOWS\SYSTEM32\WindowsCodecs.dll
0x00007ff973f70000 - 0x00007ff973fae000 	C:\WINDOWS\system32\dataexchange.dll
0x00007ff989360000 - 0x00007ff989543000 	C:\WINDOWS\system32\dcomp.dll
0x00007ff988980000 - 0x00007ff988be3000 	C:\WINDOWS\system32\d3d11.dll
0x00007ff98ae60000 - 0x00007ff98af53000 	C:\WINDOWS\system32\dxgi.dll
0x00007ff985620000 - 0x00007ff985820000 	C:\WINDOWS\system32\twinapi.appcore.dll
0x00007ff9825d0000 - 0x00007ff9826c9000 	C:\WINDOWS\SYSTEM32\textinputframework.dll
0x00007ff9898d0000 - 0x00007ff989c2e000 	C:\WINDOWS\System32\CoreUIComponents.dll
0x00007ff989c30000 - 0x00007ff989d22000 	C:\WINDOWS\System32\CoreMessaging.dll
0x00007ff98b730000 - 0x00007ff98b763000 	C:\WINDOWS\SYSTEM32\ntmarta.dll
0x00007ff989200000 - 0x00007ff989354000 	C:\WINDOWS\SYSTEM32\wintypes.dll
0x00007ff965240000 - 0x00007ff965535000 	C:\Windows\System32\uiautomationcore.dll
0x00007ff987dd0000 - 0x00007ff987ec6000 	C:\Windows\System32\PROPSYS.dll
0x00007ff98bf50000 - 0x00007ff98bf5c000 	C:\WINDOWS\SYSTEM32\CRYPTBASE.DLL
0x00007ff97ca20000 - 0x00007ff97ca86000 	C:\Windows\System32\OLEACC.dll

dbghelp: loaded successfully - version: 4.0.5 - missing functions: none
symbol engine: initialized successfully - sym options: 0x614 - pdb path: .;C:\Program Files\Java\jdk-19\bin;C:\WINDOWS\SYSTEM32;C:\WINDOWS\WinSxS\amd64_microsoft.windows.common-controls_6595b64144ccf1df_6.0.19041.1110_none_60b5254171f9507e;C:\Program Files\Java\jdk-19\bin\server

VM Arguments:
jvm_args: -Dfile.encoding=UTF-8 -Djava.security.policy=applet.policy --module-path=C:\Users\Adhwa\OneDrive\Documents\NetBeansProjects\tugas_ukom\build\classes 
java_command: tampilan
java_class_path (initial): C:\mysql-connector-j-8.0.31\mysql-connector-j-8.0.31.jar;E:\Program Files\NetBeans-15\netbeans\java\modules\ext\AbsoluteLayout.jar;E:\download\KControls-2.0.jar;C:\Users\Adhwa\Downloads\iReport\library\commons-beanutils-1.8.2.jar;C:\Users\Adhwa\Downloads\iReport\library\commons-collections-3.2.1.jar;C:\Users\Adhwa\Downloads\iReport\library\commons-digester-2.1.jar;C:\Users\Adhwa\Downloads\iReport\library\commons-javaflow-20060411.jar;C:\Users\Adhwa\Downloads\iReport\library\commons-logging-1.1.jar;C:\Users\Adhwa\Downloads\iReport\library\groovy-all-1.7.5.jar;C:\Users\Adhwa\Downloads\iReport\library\jasperreports-5.0.0.jar;C:\Users\Adhwa\OneDrive\Documents\NetBeansProjects\tugas_ukom\build\classes
Launcher Type: SUN_STANDARD

[Global flags]
     intx CICompilerCount                          = 3                                         {product} {ergonomic}
     uint ConcGCThreads                            = 1                                         {product} {ergonomic}
     uint G1ConcRefinementThreads                  = 4                                         {product} {ergonomic}
   size_t G1HeapRegionSize                         = 1048576                                   {product} {ergonomic}
    uintx GCDrainStackTargetSize                   = 64                                        {product} {ergonomic}
   size_t InitialHeapSize                          = 132120576                                 {product} {ergonomic}
   size_t MarkStackSize                            = 4194304                                   {product} {ergonomic}
   size_t MaxHeapSize                              = 2101346304                                {product} {ergonomic}
   size_t MaxNewSize                               = 1260388352                                {product} {ergonomic}
   size_t MinHeapDeltaBytes                        = 1048576                                   {product} {ergonomic}
   size_t MinHeapSize                              = 8388608                                   {product} {ergonomic}
    uintx NonNMethodCodeHeapSize                   = 5832780                                {pd product} {ergonomic}
    uintx NonProfiledCodeHeapSize                  = 122912730                              {pd product} {ergonomic}
    uintx ProfiledCodeHeapSize                     = 122912730                              {pd product} {ergonomic}
    uintx ReservedCodeCacheSize                    = 251658240                              {pd product} {ergonomic}
     bool SegmentedCodeCache                       = true                                      {product} {ergonomic}
   size_t SoftMaxHeapSize                          = 2101346304                             {manageable} {ergonomic}
     bool UseCompressedClassPointers               = true                           {product lp64_product} {ergonomic}
     bool UseCompressedOops                        = true                           {product lp64_product} {ergonomic}
     bool UseG1GC                                  = true                                      {product} {ergonomic}
     bool UseLargePagesIndividualAllocation        = false                                  {pd product} {ergonomic}

Logging:
Log output configuration:
 #0: stdout all=warning uptime,level,tags foldmultilines=false
 #1: stderr all=off uptime,level,tags foldmultilines=false

Environment Variables:
PATH=C:\Program Files\Common Files\Oracle\Java\javapath;C:\WINDOWS\system32;C:\WINDOWS;C:\WINDOWS\System32\Wbem;C:\WINDOWS\System32\WindowsPowerShell\v1.0\;C:\WINDOWS\System32\OpenSSH\;C:\xampp\php;C:\Program Files\nodejs\;C:\Program Files\dotnet\;C:\Users\Adhwa\AppData\Local\Microsoft\WindowsApps;C:\Users\Adhwa\AppData\Local\Programs\Microsoft VS Code\bin;C:\xampp\php;C:\Users\Adhwa\AppData\Roaming\npm;C:\Users\Adhwa\.dotnet\tools;C:\Program Files (x86)\Jar2Exe Wizard\
USERNAME=Adhwa
OS=Windows_NT
PROCESSOR_IDENTIFIER=Intel64 Family 6 Model 58 Stepping 9, GenuineIntel
TMP=C:\Users\Adhwa\AppData\Local\Temp
TEMP=C:\Users\Adhwa\AppData\Local\Temp



---------------  S Y S T E M  ---------------

OS:
 Windows 10 , 64 bit Build 19041 (10.0.19041.2546)
OS uptime: 2 days 12:18 hours

CPU: total 4 (initial active 4) (2 cores per cpu, 2 threads per core) family 6 model 58 stepping 9 microcode 0x21, cx8, cmov, fxsr, ht, mmx, sse, sse2, sse3, ssse3, sse4.1, sse4.2, popcnt, tsc, tscinvbit, avx, aes, erms, clmul, vzeroupper, clflush, rdtscp

Memory: 4k page, system-wide physical 8009M (1079M free)
TotalPageFile size 24730M (AvailPageFile size 5M)
current process WorkingSet (physical memory assigned to process): 96M, peak: 177M
current process commit charge ("private bytes"): 235M, peak: 255M

vm_info: Java HotSpot(TM) 64-Bit Server VM (19.0.1+10-21) for windows-amd64 JRE (19.0.1+10-21), built on 2022-09-14T12:45:06Z by "mach5one" with MS VC++ 17.1 (VS2022)

END.
